# JRE version: Java(TM) SE Runtime Environment (23.0.1+11) (build 23.0.1+11-39)
# Java VM: Java HotSpot(TM) 64-Bit Server VM (23.0.1+11-39, mixed mode, emulated-client, sharing, tiered, compressed oops, compressed class ptrs, g1 gc, bsd-aarch64)
GC Precious Log:
 CardTable entry size: 512
 Card Set container configuration: InlinePtr #cards 4 size 8 Array Of Cards #cards 32 size 80 Howl #buckets 8 coarsen threshold 7372 Howl Bitmap #cards 1024 size 144 coarsen threshold 921 Card regions per heap region 1 cards per card region 8192
 CPUs: 11 total, 11 available
 Memory: 18432M
 Large Page Support: Disabled
 NUMA Support: Disabled
 Compressed Oops: Enabled (Zero based)
 Heap Region Size: 4M
 Heap Min Capacity: 8M
 Heap Initial Capacity: 288M
 Heap Max Capacity: 4608M
 Pre-touch: Disabled
 Parallel Workers: 9
 Concurrent Workers: 2
 Concurrent Refinement Workers: 9
 Periodic GC: Disabled
Heap:
 garbage-first heap   total reserved 4718592K, committed 69632K, used 41971K [0x00000006e0000000, 0x0000000800000000)
  region size 4096K, 7 young (28672K), 0 survivors (0K)
 Metaspace       used 37205K, committed 37888K, reserved 1114112K
  class space    used 5172K, committed 5440K, reserved 1048576K
GC Heap History (20 events):
Event: 0.270 GC heap before
{Heap before GC invocations=0 (full 0):
 garbage-first heap   total reserved 4718592K, committed 299008K, used 25717K [0x00000006e0000000, 0x0000000800000000)
  region size 4096K, 6 young (24576K), 0 survivors (0K)
 Metaspace       used 7120K, committed 7296K, reserved 1114112K
  class space    used 862K, committed 960K, reserved 1048576K
}
Event: 0.272 GC heap after
{Heap after GC invocations=1 (full 0):
 garbage-first heap   total reserved 4718592K, committed 299008K, used 5463K [0x00000006e0000000, 0x0000000800000000)
  region size 4096K, 1 young (4096K), 1 survivors (4096K)
 Metaspace       used 7120K, committed 7296K, reserved 1114112K
  class space    used 862K, committed 960K, reserved 1048576K
}
Event: 0.332 GC heap before
{Heap before GC invocations=1 (full 0):
 garbage-first heap   total reserved 4718592K, committed 299008K, used 25943K [0x00000006e0000000, 0x0000000800000000)
  region size 4096K, 6 young (24576K), 1 survivors (4096K)
 Metaspace       used 9538K, committed 9792K, reserved 1114112K
  class space    used 1176K, committed 1280K, reserved 1048576K
}
Event: 0.334 GC heap after
{Heap after GC invocations=2 (full 0):
 garbage-first heap   total reserved 4718592K, committed 299008K, used 6700K [0x00000006e0000000, 0x0000000800000000)
  region size 4096K, 1 young (4096K), 1 survivors (4096K)
 Metaspace       used 9538K, committed 9792K, reserved 1114112K
  class space    used 1176K, committed 1280K, reserved 1048576K
}
Event: 0.466 GC heap before
{Heap before GC invocations=2 (full 0):
 garbage-first heap   total reserved 4718592K, committed 299008K, used 72236K [0x00000006e0000000, 0x0000000800000000)
  region size 4096K, 17 young (69632K), 1 survivors (4096K)
 Metaspace       used 15617K, committed 16000K, reserved 1114112K
  class space    used 2092K, committed 2240K, reserved 1048576K
}
Event: 0.467 GC heap after
{Heap after GC invocations=3 (full 0):
 garbage-first heap   total reserved 4718592K, committed 299008K, used 12561K [0x00000006e0000000, 0x0000000800000000)
  region size 4096K, 1 young (4096K), 1 survivors (4096K)
 Metaspace       used 15617K, committed 16000K, reserved 1114112K
  class space    used 2092K, committed 2240K, reserved 1048576K
}
Event: 0.530 GC heap before
{Heap before GC invocations=3 (full 0):
 garbage-first heap   total reserved 4718592K, committed 299008K, used 65809K [0x00000006e0000000, 0x0000000800000000)
  region size 4096K, 16 young (65536K), 1 survivors (4096K)
 Metaspace       used 21076K, committed 21504K, reserved 1114112K
  class space    used 2844K, committed 3008K, reserved 1048576K
}
Event: 0.531 GC heap after
{Heap after GC invocations=4 (full 0):
 garbage-first heap   total reserved 4718592K, committed 299008K, used 9984K [0x00000006e0000000, 0x0000000800000000)
  region size 4096K, 2 young (8192K), 2 survivors (8192K)
 Metaspace       used 21076K, committed 21504K, reserved 1114112K
  class space    used 2844K, committed 3008K, reserved 1048576K
}
Event: 0.653 GC heap before
{Heap before GC invocations=5 (full 0):
 garbage-first heap   total reserved 4718592K, committed 69632K, used 59136K [0x00000006e0000000, 0x0000000800000000)
  region size 4096K, 14 young (57344K), 2 survivors (8192K)
 Metaspace       used 23904K, committed 24256K, reserved 1114112K
  class space    used 3252K, committed 3392K, reserved 1048576K
}
Event: 0.654 GC heap after
{Heap after GC invocations=6 (full 0):
 garbage-first heap   total reserved 4718592K, committed 77824K, used 12548K [0x00000006e0000000, 0x0000000800000000)
  region size 4096K, 2 young (8192K), 2 survivors (8192K)
 Metaspace       used 23904K, committed 24256K, reserved 1114112K
  class space    used 3252K, committed 3392K, reserved 1048576K
}
Event: 0.748 GC heap before
{Heap before GC invocations=6 (full 0):
 garbage-first heap   total reserved 4718592K, committed 77824K, used 49412K [0x00000006e0000000, 0x0000000800000000)
  region size 4096K, 11 young (45056K), 2 survivors (8192K)
 Metaspace       used 26643K, committed 27136K, reserved 1114112K
  class space    used 3635K, committed 3840K, reserved 1048576K
}
Event: 0.750 GC heap after
{Heap after GC invocations=7 (full 0):
 garbage-first heap   total reserved 4718592K, committed 77824K, used 13778K [0x00000006e0000000, 0x0000000800000000)
  region size 4096K, 2 young (8192K), 2 survivors (8192K)
 Metaspace       used 26643K, committed 27136K, reserved 1114112K
  class space    used 3635K, committed 3840K, reserved 1048576K
}
Event: 0.849 GC heap before
{Heap before GC invocations=7 (full 0):
 garbage-first heap   total reserved 4718592K, committed 77824K, used 50642K [0x00000006e0000000, 0x0000000800000000)
  region size 4096K, 11 young (45056K), 2 survivors (8192K)
 Metaspace       used 29801K, committed 30400K, reserved 1114112K
  class space    used 4089K, committed 4352K, reserved 1048576K
}
Event: 0.851 GC heap after
{Heap after GC invocations=8 (full 0):
 garbage-first heap   total reserved 4718592K, committed 94208K, used 15537K [0x00000006e0000000, 0x0000000800000000)
  region size 4096K, 2 young (8192K), 2 survivors (8192K)
 Metaspace       used 29801K, committed 30400K, reserved 1114112K
  class space    used 4089K, committed 4352K, reserved 1048576K
}
Event: 0.978 GC heap before
{Heap before GC invocations=8 (full 0):
 garbage-first heap   total reserved 4718592K, committed 94208K, used 56497K [0x00000006e0000000, 0x0000000800000000)
  region size 4096K, 13 young (53248K), 2 survivors (8192K)
 Metaspace       used 34800K, committed 35392K, reserved 1114112K
  class space    used 4763K, committed 4992K, reserved 1048576K
}
Event: 0.980 GC heap after
{Heap after GC invocations=9 (full 0):
 garbage-first heap   total reserved 4718592K, committed 94208K, used 19338K [0x00000006e0000000, 0x0000000800000000)
  region size 4096K, 2 young (8192K), 2 survivors (8192K)
 Metaspace       used 34800K, committed 35392K, reserved 1114112K
  class space    used 4763K, committed 4992K, reserved 1048576K
}
Event: 1.001 GC heap before
{Heap before GC invocations=9 (full 0):
 garbage-first heap   total reserved 4718592K, committed 94208K, used 27530K [0x00000006e0000000, 0x0000000800000000)
  region size 4096K, 5 young (20480K), 2 survivors (8192K)
 Metaspace       used 35526K, committed 36096K, reserved 1114112K
  class space    used 4871K, committed 5120K, reserved 1048576K
}
Event: 1.003 GC heap after
{Heap after GC invocations=10 (full 0):
 garbage-first heap   total reserved 4718592K, committed 94208K, used 19646K [0x00000006e0000000, 0x0000000800000000)
  region size 4096K, 1 young (4096K), 1 survivors (4096K)
 Metaspace       used 35526K, committed 36096K, reserved 1114112K
  class space    used 4871K, committed 5120K, reserved 1048576K
}
Event: 24.707 GC heap before
{Heap before GC invocations=11 (full 0):
 garbage-first heap   total reserved 4718592K, committed 81920K, used 44222K [0x00000006e0000000, 0x0000000800000000)
  region size 4096K, 8 young (32768K), 1 survivors (4096K)
 Metaspace       used 37172K, committed 37824K, reserved 1114112K
  class space    used 5169K, committed 5440K, reserved 1048576K
}
Event: 24.730 GC heap after
{Heap after GC invocations=12 (full 1):
 garbage-first heap   total reserved 4718592K, committed 69632K, used 17395K [0x00000006e0000000, 0x0000000800000000)
  region size 4096K, 0 young (0K), 0 survivors (0K)
 Metaspace       used 37141K, committed 37824K, reserved 1114112K
  class space    used 5161K, committed 5440K, reserved 1048576K
}

